1,4,6,[r=33,g=120,b=170]
4,1,3,[r=112,g=34,b=98]
0,9,1,[r=13,g=244,b=47]
8,2,8,[r=203,g=53,b=200]
3,6,1,[r=80,g=160,b=34]
5,1,3,[r=127,g=43,b=77]
4,8,10,[r=121,g=200,b=253]
8,6,5,[r=208,g=158,b=144]
0,6,6,[r=22,g=167,b=160]
8,0,3,[r=224,g=20,b=98]
7,3,6,[r=187,g=92,b=169]
7,6,1,[r=176,g=168,b=30]
7,0,7,[r=198,g=23,b=191]
9,6,6,[r=227,g=151,b=162]
0,4,2,[r=7,g=100,b=52]
5,2,5,[r=146,g=68,b=146]
1,7,8,[r=40,g=176,b=224]
5,5,4,[r=126,g=148,b=114]
9,6,5,[r=233,g=174,b=149]
3,4,4,[r=96,g=117,b=119]
3,2,5,[r=98,g=68,b=141]
1,4,0,[r=30,g=100,b=11]
4,6,5,[r=116,g=168,b=147]
9,0,1,[r=245,g=6,b=34]
6,1,9,[r=158,g=38,b=243]
0,5,10,[r=4,g=146,b=252]
0,1,1,[r=0,g=43,b=25]
9,5,3,[r=247,g=135,b=91]
2,2,5,[r=58,g=73,b=148]
8,2,10,[r=219,g=57,b=251]
3,5,3,[r=89,g=126,b=87]
0,9,7,[r=2,g=226,b=191]
3,9,5,[r=77,g=244,b=138]
1,7,4,[r=43,g=176,b=102]
8,0,6,[r=200,g=8,b=169]
6,5,7,[r=161,g=132,b=190]
0,8,8,[r=5,g=213,b=215]
6,5,6,[r=157,g=136,b=158]
3,2,6,[r=90,g=54,b=173]
5,3,8,[r=143,g=81,b=224]
6,3,7,[r=166,g=78,b=183]
7,4,9,[r=188,g=121,b=228]
9,9,6,[r=227,g=229,b=150]
9,3,8,[r=234,g=95,b=205]
1,4,9,[r=28,g=111,b=231]
5,1,1,[r=131,g=44,b=46]
6,8,4,[r=163,g=218,b=105]
1,5,7,[r=48,g=141,b=187]
10,5,2,[r=250,g=135,b=70]
5,0,3,[r=146,g=22,b=92]
0,6,7,[r=12,g=154,b=176]
8,7,8,[r=222,g=176,b=209]
2,7,1,[r=72,g=182,b=47]
7,4,9,[r=184,g=122,b=225]
9,8,7,[r=231,g=220,b=188]
8,7,10,[r=218,g=179,b=250]
1,1,2,[r=26,g=48,b=62]
6,9,0,[r=171,g=228,b=8]
2,1,6,[r=60,g=46,b=163]
4,7,2,[r=110,g=184,b=67]
7,2,2,[r=190,g=55,b=67]
0,10,5,[r=7,g=252,b=133]
7,5,1,[r=186,g=143,b=39]
1,8,2,[r=46,g=220,b=68]
4,4,6,[r=106,g=117,b=161]
7,3,10,[r=192,g=89,b=254]
1,7,2,[r=40,g=191,b=72]
9,10,1,[r=242,g=251,b=46]
2,0,8,[r=61,g=9,b=217]
2,6,6,[r=51,g=151,b=170]
7,0,3,[r=196,g=24,b=86]
4,7,9,[r=116,g=196,b=245]
6,2,0,[r=162,g=63,b=0]
1,8,9,[r=40,g=207,b=240]
0,3,8,[r=3,g=98,b=202]
1,4,6,[r=34,g=102,b=174]
1,5,7,[r=40,g=132,b=188]
3,3,0,[r=94,g=95,b=7]
2,6,4,[r=73,g=158,b=112]
6,3,4,[r=163,g=76,b=121]
6,6,1,[r=161,g=167,b=46]
8,3,6,[r=207,g=90,b=162]
0,2,5,[r=22,g=54,b=139]
5,1,4,[r=127,g=40,b=121]
5,9,4,[r=134,g=245,b=120]
3,4,2,[r=94,g=121,b=66]
7,2,7,[r=190,g=54,b=177]
8,4,4,[r=202,g=123,b=114]
2,8,4,[r=56,g=205,b=118]
8,1,5,[r=202,g=38,b=146]
9,9,5,[r=230,g=232,b=146]
2,0,1,[r=56,g=24,b=29]
7,0,9,[r=189,g=15,b=241]
1,3,8,[r=44,g=75,b=220]
1,5,4,[r=42,g=149,b=107]
4,5,3,[r=102,g=139,b=83]
8,4,1,[r=207,g=120,b=42]
9,8,5,[r=226,g=207,b=131]
3,2,9,[r=77,g=54,b=231]
3,2,0,[r=78,g=60,b=12]
7,8,0,[r=180,g=222,b=24]
8,8,5,[r=214,g=205,b=129]
6,7,10,[r=171,g=199,b=250]
8,7,2,[r=212,g=178,b=65]
0,2,1,[r=11,g=58,b=28]
6,5,5,[r=167,g=131,b=148]
0,6,4,[r=20,g=157,b=109]
3,9,4,[r=75,g=247,b=114]
9,4,2,[r=235,g=103,b=70]
9,3,0,[r=249,g=90,b=6]
5,3,2,[r=147,g=91,b=64]
0,6,0,[r=20,g=162,b=0]
2,7,10,[r=59,g=181,b=252]
7,0,0,[r=175,g=12,b=22]
9,8,2,[r=241,g=209,b=63]
9,5,8,[r=246,g=138,b=217]
9,2,1,[r=235,g=70,b=43]
0,1,1,[r=18,g=30,b=36]
8,4,2,[r=206,g=122,b=65]
2,9,2,[r=54,g=236,b=54]
4,1,0,[r=105,g=49,b=6]
0,2,6,[r=18,g=62,b=171]
8,2,6,[r=210,g=52,b=171]
1,9,4,[r=41,g=226,b=116]
7,2,9,[r=192,g=63,b=237]
7,7,2,[r=196,g=175,b=62]
5,9,3,[r=127,g=227,b=77]
1,5,8,[r=45,g=140,b=201]
8,8,0,[r=209,g=204,b=5]
3,5,9,[r=99,g=128,b=246]
1,4,1,[r=44,g=105,b=43]
6,6,8,[r=169,g=165,b=201]
9,7,4,[r=246,g=195,b=121]
7,6,7,[r=191,g=158,b=182]
7,2,9,[r=184,g=64,b=249]
1,9,3,[r=31,g=229,b=95]
5,7,8,[r=131,g=180,b=222]
3,6,1,[r=80,g=170,b=38]
8,6,8,[r=216,g=166,b=205]
6,9,4,[r=170,g=240,b=122]
5,6,8,[r=125,g=156,b=222]
6,9,9,[r=154,g=239,b=240]
4,4,5,[r=104,g=100,b=134]
9,0,2,[r=225,g=14,b=61]
1,8,5,[r=26,g=206,b=128]
3,5,4,[r=82,g=143,b=104]
8,8,7,[r=207,g=223,b=186]
0,1,0,[r=17,g=39,b=17]
2,9,7,[r=57,g=238,b=183]
5,7,0,[r=142,g=185,b=6]
4,1,3,[r=115,g=43,b=90]
5,3,3,[r=135,g=85,b=94]
5,9,3,[r=133,g=236,b=75]
4,7,2,[r=103,g=197,b=74]
1,6,3,[r=28,g=159,b=81]
5,4,3,[r=136,g=107,b=96]
3,10,7,[r=85,g=253,b=194]
2,3,3,[r=59,g=82,b=86]
0,9,4,[r=14,g=240,b=107]
9,1,1,[r=238,g=41,b=28]
4,2,10,[r=109,g=61,b=252]
3,5,9,[r=95,g=129,b=226]
1,6,3,[r=25,g=166,b=87]
9,4,7,[r=241,g=123,b=186]
0,0,5,[r=11,g=6,b=134]
3,1,3,[r=76,g=43,b=78]
9,2,0,[r=229,g=58,b=19]
6,1,2,[r=172,g=46,b=64]
3,4,7,[r=97,g=118,b=194]
4,4,3,[r=122,g=124,b=75]
7,4,2,[r=194,g=111,b=64]
7,2,7,[r=177,g=68,b=184]
1,6,1,[r=37,g=157,b=48]
5,5,3,[r=135,g=143,b=75]
2,1,5,[r=69,g=34,b=137]
8,3,0,[r=215,g=79,b=11]
9,3,5,[r=232,g=94,b=136]
9,6,7,[r=231,g=157,b=182]
1,3,8,[r=47,g=98,b=222]
0,6,7,[r=24,g=153,b=187]
1,5,0,[r=44,g=134,b=24]
5,0,6,[r=137,g=24,b=173]
9,8,0,[r=238,g=218,b=5]
2,6,8,[r=69,g=158,b=203]
0,5,5,[r=24,g=145,b=132]
6,8,9,[r=158,g=215,b=233]
9,1,7,[r=234,g=36,b=179]
4,4,0,[r=123,g=123,b=4]
0,4,6,[r=7,g=114,b=164]
2,10,5,[r=69,g=254,b=126]
3,8,1,[r=85,g=200,b=34]
5,3,6,[r=125,g=81,b=165]
6,8,6,[r=156,g=204,b=160]
5,2,5,[r=134,g=65,b=130]
2,2,6,[r=53,g=52,b=160]
1,0,4,[r=35,g=20,b=118]
7,7,5,[r=183,g=178,b=143]
1,4,2,[r=39,g=107,b=72]
8,5,1,[r=218,g=147,b=46]
6,9,7,[r=150,g=232,b=178]
5,3,2,[r=145,g=80,b=64]
7,4,0,[r=182,g=103,b=1]
0,5,2,[r=12,g=130,b=71]
7,9,5,[r=180,g=230,b=134]
3,3,9,[r=93,g=94,b=241]
1,4,0,[r=29,g=121,b=14]
10,6,9,[r=251,g=174,b=228]
1,4,6,[r=34,g=117,b=168]
5,0,2,[r=133,g=14,b=50]
8,2,4,[r=215,g=59,b=113]
1,0,8,[r=37,g=7,b=224]
4,0,7,[r=110,g=19,b=184]
9,3,7,[r=245,g=76,b=199]
5,3,8,[r=140,g=90,b=213]
2,0,5,[r=70,g=15,b=147]
4,7,2,[r=107,g=197,b=61]
1,3,2,[r=30,g=92,b=74]
7,3,6,[r=191,g=92,b=174]
1,5,8,[r=38,g=148,b=214]
7,5,7,[r=197,g=140,b=191]
5,4,9,[r=143,g=113,b=247]
8,1,0,[r=206,g=44,b=8]
3,5,9,[r=84,g=144,b=231]
2,8,5,[r=72,g=201,b=146]
3,3,2,[r=98,g=76,b=57]
3,0,2,[r=84,g=20,b=54]
9,5,9,[r=236,g=139,b=241]
6,9,8,[r=158,g=240,b=216]
4,0,10,[r=110,g=21,b=250]
2,9,0,[r=55,g=244,b=6]
0,0,9,[r=18,g=0,b=228]
5,5,1,[r=132,g=137,b=33]
6,9,9,[r=158,g=243,b=233]
7,9,3,[r=185,g=239,b=91]
6,2,1,[r=163,g=69,b=33]
9,1,7,[r=232,g=39,b=183]
2,7,9,[r=61,g=195,b=240]
5,8,9,[r=142,g=211,b=236]
6,4,2,[r=162,g=124,b=73]
9,6,2,[r=233,g=165,b=57]
3,0,9,[r=90,g=8,b=249]
8,0,7,[r=224,g=11,b=177]
3,2,5,[r=91,g=71,b=133]
0,1,5,[r=20,g=49,b=128]
5,7,2,[r=148,g=198,b=68]
9,8,4,[r=235,g=212,b=104]
3,3,1,[r=97,g=82,b=46]
5,4,5,[r=129,g=110,b=134]
6,0,9,[r=155,g=3,b=244]
6,2,3,[r=169,g=64,b=91]
6,6,6,[r=151,g=159,b=166]
6,4,0,[r=156,g=110,b=20]
6,9,2,[r=173,g=238,b=71]
4,9,6,[r=116,g=228,b=174]
4,7,3,[r=107,g=193,b=77]
8,0,7,[r=224,g=4,b=193]
2,2,8,[r=66,g=66,b=203]
2,5,6,[r=51,g=139,b=151]
1,3,1,[r=27,g=76,b=39]
0,9,2,[r=3,g=235,b=57]
0,9,5,[r=3,g=227,b=130]
6,2,4,[r=150,g=63,b=110]
7,9,8,[r=189,g=227,b=221]
0,4,9,[r=4,g=103,b=230]
7,1,2,[r=191,g=43,b=69]
0,6,8,[r=2,g=173,b=211]
4,7,2,[r=102,g=194,b=58]
8,8,0,[r=220,g=222,b=7]
1,8,3,[r=34,g=223,b=92]
6,1,6,[r=174,g=46,b=163]
7,2,5,[r=191,g=61,b=147]
7,7,2,[r=184,g=175,b=69]
5,1,5,[r=141,g=48,b=136]
9,1,1,[r=241,g=34,b=34]
6,0,3,[r=170,g=11,b=88]
2,6,6,[r=72,g=160,b=164]
9,2,8,[r=231,g=69,b=219]
5,3,8,[r=142,g=98,b=214]
3,9,7,[r=82,g=249,b=177]
2,1,5,[r=66,g=43,b=133]
1,0,0,[r=43,g=19,b=10]
1,6,1,[r=44,g=168,b=39]
9,4,6,[r=248,g=106,b=158]
0,2,7,[r=22,g=55,b=192]
3,5,8,[r=78,g=149,b=207]
5,5,1,[r=141,g=141,b=46]
5,0,4,[r=127,g=16,b=107]
0,7,3,[r=0,g=187,b=79]
9,1,1,[r=244,g=46,b=43]
0,1,7,[r=6,g=37,b=181]
9,2,5,[r=249,g=65,b=149]
7,7,10,[r=184,g=179,b=254]
3,1,5,[r=79,g=42,b=146]
10,8,7,[r=253,g=216,b=187]
4,3,3,[r=104,g=82,b=96]
1,5,9,[r=43,g=140,b=246]
2,5,7,[r=54,g=135,b=182]
8,3,5,[r=222,g=83,b=125]
7,1,2,[r=182,g=48,b=73]
5,4,9,[r=139,g=105,b=232]
3,1,9,[r=99,g=38,b=236]
6,6,2,[r=166,g=158,b=51]
7,0,0,[r=199,g=20,b=0]
4,9,6,[r=111,g=248,b=158]
1,3,7,[r=26,g=89,b=177]
6,6,1,[r=152,g=165,b=30]
1,1,6,[r=35,g=35,b=162]
3,7,0,[r=92,g=189,b=7]
4,0,5,[r=112,g=0,b=135]
2,8,8,[r=73,g=205,b=220]
0,6,5,[r=21,g=156,b=149]
4,0,0,[r=123,g=21,b=21]
2,7,0,[r=74,g=182,b=1]
6,9,0,[r=154,g=229,b=23]
7,5,4,[r=178,g=138,b=112]
3,8,4,[r=99,g=208,b=113]
4,3,1,[r=103,g=80,b=31]
3,0,0,[r=88,g=13,b=13]
7,5,6,[r=199,g=140,b=166]
0,6,7,[r=1,g=156,b=176]
3,6,4,[r=78,g=151,b=117]
4,0,0,[r=113,g=10,b=13]
0,9,0,[r=0,g=247,b=15]
6,2,1,[r=154,g=74,b=46]
1,9,1,[r=36,g=227,b=47]
3,1,4,[r=86,g=47,b=115]
3,1,9,[r=78,g=47,b=226]
8,8,7,[r=212,g=220,b=199]
9,8,9,[r=228,g=215,b=236]
7,1,2,[r=186,g=40,b=66]
7,5,5,[r=182,g=141,b=145]
6,3,7,[r=166,g=83,b=188]
1,3,1,[r=49,g=84,b=40]
0,4,5,[r=8,g=111,b=133]
1,8,2,[r=42,g=200,b=67]
6,3,6,[r=160,g=75,b=153]
6,0,0,[r=172,g=2,b=23]
9,4,7,[r=229,g=102,b=180]
3,8,0,[r=77,g=211,b=2]
7,1,1,[r=193,g=40,b=40]
1,9,1,[r=38,g=247,b=47]
2,3,9,[r=70,g=96,b=249]
6,4,4,[r=170,g=122,b=118]
5,1,9,[r=126,g=36,b=247]
8,4,4,[r=216,g=123,b=120]
4,9,5,[r=109,g=249,b=127]
9,4,0,[r=235,g=120,b=16]
7,6,7,[r=180,g=156,b=192]
6,4,7,[r=168,g=103,b=175]
8,6,8,[r=224,g=165,b=211]
8,1,4,[r=206,g=28,b=118]
3,9,8,[r=91,g=249,b=215]
1,5,0,[r=25,g=147,b=5]
5,8,9,[r=147,g=204,b=232]
8,2,3,[r=207,g=65,b=80]
3,9,4,[r=96,g=247,b=105]
8,6,3,[r=207,g=164,b=91]
6,1,7,[r=159,g=29,b=179]
2,3,7,[r=70,g=87,b=196]
7,7,4,[r=175,g=189,b=111]
6,3,1,[r=166,g=75,b=41]
1,4,0,[r=42,g=103,b=7]
8,3,4,[r=203,g=84,b=113]
1,7,4,[r=39,g=185,b=101]
5,6,5,[r=141,g=166,b=125]
7,2,7,[r=193,g=65,b=179]
4,4,9,[r=110,g=110,b=238]
3,7,0,[r=79,g=182,b=16]
10,5,2,[r=254,g=143,b=57]
2,9,3,[r=58,g=235,b=90]
4,9,3,[r=100,g=238,b=75]
2,1,9,[r=50,g=46,b=229]
2,7,6,[r=66,g=187,b=159]
5,8,8,[r=143,g=208,b=217]
5,8,1,[r=134,g=221,b=37]
7,5,9,[r=185,g=126,b=240]
0,1,3,[r=20,g=39,b=86]
2,8,5,[r=63,g=210,b=146]
9,4,7,[r=227,g=122,b=197]
5,1,4,[r=141,g=45,b=118]
6,6,7,[r=174,g=160,b=197]
1,4,0,[r=36,g=108,b=5]
4,4,2,[r=109,g=101,b=71]
0,8,3,[r=16,g=203,b=86]
10,1,1,[r=253,g=34,b=46]
2,9,5,[r=74,g=249,b=135]
7,5,9,[r=180,g=126,b=228]
9,3,5,[r=227,g=80,b=148]
3,0,0,[r=96,g=5,b=5]
8,6,1,[r=210,g=162,b=25]
3,9,5,[r=88,g=239,b=139]
4,3,2,[r=120,g=94,b=64]
2,9,1,[r=63,g=235,b=33]
3,4,9,[r=95,g=122,b=227]
3,1,9,[r=78,g=43,b=241]
5,2,0,[r=143,g=74,b=19]
7,9,9,[r=188,g=227,b=225]
7,4,0,[r=193,g=103,b=17]
9,3,0,[r=234,g=84,b=8]
3,6,0,[r=85,g=170,b=8]
9,7,8,[r=228,g=186,b=200]
8,1,1,[r=219,g=25,b=48]
0,5,9,[r=21,g=128,b=241]
4,2,2,[r=102,g=55,b=59]
6,9,0,[r=157,g=228,b=14]
8,6,3,[r=211,g=151,b=77]
1,1,9,[r=46,g=49,b=248]
9,0,8,[r=246,g=6,b=206]
3,9,4,[r=80,g=229,b=115]
2,1,0,[r=63,g=37,b=8]
2,7,5,[r=54,g=183,b=143]
4,3,5,[r=109,g=85,b=131]
5,4,4,[r=135,g=112,b=113]
5,4,0,[r=136,g=104,b=12]
0,7,5,[r=2,g=191,b=143]
8,8,4,[r=221,g=215,b=118]
7,0,0,[r=191,g=14,b=2]
6,5,7,[r=161,g=149,b=194]
0,9,4,[r=2,g=233,b=123]
9,1,4,[r=246,g=35,b=112]
4,1,5,[r=104,g=36,b=135]
0,2,10,[r=7,g=51,b=250]
4,1,7,[r=115,g=37,b=175]
5,7,2,[r=138,g=193,b=58]
3,2,3,[r=89,g=52,b=98]
6,8,0,[r=169,g=204,b=9]
8,5,9,[r=214,g=129,b=243]
7,8,5,[r=179,g=219,b=128]
5,10,2,[r=136,g=250,b=72]
0,5,0,[r=21,g=132,b=10]
8,3,0,[r=209,g=97,b=1]
5,2,4,[r=134,g=68,b=106]
3,2,1,[r=87,g=51,b=42]
6,4,7,[r=171,g=123,b=182]
3,3,0,[r=95,g=79,b=0]
2,1,4,[r=71,g=30,b=106]
3,7,2,[r=83,g=185,b=60]
1,0,3,[r=44,g=5,b=99]
1,6,10,[r=33,g=165,b=252]
5,3,0,[r=126,g=79,b=1]
1,6,9,[r=43,g=165,b=249]
7,8,6,[r=177,g=206,b=162]
4,6,6,[r=124,g=162,b=174]
2,4,5,[r=52,g=106,b=125]
9,5,3,[r=226,g=145,b=99]
9,2,4,[r=236,g=50,b=105]
1,8,1,[r=38,g=207,b=47]
0,4,7,[r=0,g=107,b=180]
4,3,9,[r=122,g=77,b=225]
9,7,1,[r=244,g=182,b=39]
5,1,6,[r=143,g=25,b=166]
1,3,9,[r=47,g=89,b=246]
8,4,4,[r=213,g=105,b=100]
6,8,0,[r=161,g=220,b=4]
5,6,7,[r=130,g=154,b=182]
0,5,10,[r=17,g=128,b=253]
5,2,0,[r=141,g=71,b=17]
8,4,6,[r=200,g=108,b=165]
3,2,7,[r=83,g=64,b=179]
4,4,1,[r=103,g=119,b=40]
8,2,3,[r=224,g=55,b=76]
4,2,7,[r=115,g=60,b=190]
8,8,7,[r=206,g=210,b=186]
6,9,1,[r=160,g=227,b=31]
5,2,9,[r=128,g=56,b=244]
8,0,2,[r=218,g=11,b=54]
7,10,0,[r=197,g=253,b=3]
8,0,1,[r=204,g=0,b=26]
1,1,8,[r=36,g=48,b=202]
4,4,8,[r=118,g=115,b=221]
1,2,5,[r=33,g=69,b=148]
1,9,8,[r=28,g=226,b=211]
3,10,3,[r=81,g=252,b=92]
5,4,8,[r=145,g=123,b=224]
2,6,3,[r=71,g=158,b=80]
4,9,10,[r=123,g=237,b=253]
4,7,0,[r=110,g=184,b=9]
5,0,10,[r=144,g=1,b=251]
7,7,4,[r=187,g=185,b=121]
6,6,7,[r=168,g=153,b=188]
1,9,4,[r=30,g=239,b=102]
6,8,8,[r=150,g=213,b=210]
3,1,7,[r=96,g=29,b=187]
2,4,5,[r=66,g=105,b=138]
7,10,2,[r=181,g=254,b=64]
1,0,6,[r=32,g=1,b=153]
1,3,7,[r=30,g=81,b=180]
9,2,0,[r=235,g=62,b=18]
4,6,7,[r=116,g=160,b=185]
5,7,4,[r=136,g=182,b=118]
0,7,8,[r=7,g=180,b=215]
5,4,8,[r=128,g=118,b=213]
2,1,6,[r=66,g=33,b=161]
8,0,7,[r=210,g=10,b=183]
6,0,6,[r=161,g=11,b=174]
6,10,7,[r=156,g=254,b=196]
2,4,7,[r=62,g=101,b=176]
6,1,1,[r=169,g=29,b=32]
4,3,4,[r=110,g=98,b=109]
1,8,2,[r=42,g=218,b=56]
8,4,0,[r=201,g=123,b=21]
2,8,1,[r=73,g=220,b=33]
7,2,7,[r=196,g=74,b=182]
4,7,0,[r=108,g=190,b=0]
5,2,6,[r=138,g=56,b=154]
0,8,1,[r=8,g=216,b=46]
1,6,3,[r=46,g=152,b=97]
6,1,5,[r=170,g=35,b=128]
0,7,6,[r=7,g=189,b=162]
7,6,4,[r=181,g=152,b=108]
5,6,9,[r=144,g=151,b=239]
7,2,5,[r=197,g=62,b=148]
7,7,6,[r=187,g=195,b=173]
1,6,4,[r=30,g=164,b=104]
9,2,3,[r=248,g=62,b=81]
2,0,8,[r=59,g=16,b=210]
1,6,4,[r=41,g=153,b=122]
8,2,10,[r=214,g=73,b=254]
7,3,9,[r=190,g=86,b=248]
3,9,6,[r=90,g=235,b=157]
8,10,7,[r=224,g=253,b=189]
5,2,0,[r=134,g=60,b=0]
3,2,7,[r=98,g=70,b=196]
4,3,7,[r=102,g=83,b=180]
3,3,4,[r=99,g=98,b=119]
6,4,9,[r=150,g=117,b=246]
9,1,4,[r=243,g=25,b=107]
8,9,3,[r=210,g=248,b=81]
4,0,4,[r=107,g=22,b=111]
7,8,0,[r=180,g=200,b=7]
8,0,8,[r=219,g=21,b=218]
4,5,8,[r=117,g=125,b=201]
2,4,7,[r=67,g=118,b=179]
9,3,9,[r=230,g=95,b=239]
5,1,7,[r=132,g=33,b=175]
4,0,5,[r=102,g=6,b=130]
3,5,0,[r=82,g=144,b=2]
4,3,0,[r=101,g=85,b=19]
1,8,0,[r=41,g=206,b=1]
9,7,5,[r=240,g=195,b=136]
0,6,6,[r=9,g=157,b=163]
2,3,3,[r=73,g=98,b=83]
1,0,2,[r=31,g=16,b=54]
8,8,6,[r=223,g=215,b=154]
0,5,8,[r=13,g=128,b=218]
6,6,10,[r=174,g=160,b=254]
1,8,10,[r=36,g=204,b=252]
5,7,9,[r=135,g=176,b=232]
1,0,2,[r=44,g=5,b=70]
5,9,1,[r=148,g=240,b=30]
2,0,5,[r=65,g=15,b=144]
7,6,3,[r=196,g=154,b=94]
5,7,0,[r=131,g=196,b=23]
8,5,1,[r=208,g=147,b=49]
5,2,3,[r=134,g=60,b=93]
4,8,5,[r=109,g=220,b=137]
3,3,0,[r=89,g=80,b=18]
0,7,6,[r=19,g=187,b=165]
7,8,1,[r=175,g=211,b=33]
6,2,3,[r=150,g=60,b=91]
8,3,8,[r=213,g=77,b=223]
6,3,4,[r=151,g=94,b=108]
9,9,5,[r=236,g=247,b=136]
0,6,8,[r=16,g=151,b=220]
2,2,8,[r=71,g=65,b=215]
5,0,7,[r=138,g=6,b=188]
4,9,1,[r=101,g=230,b=28]
8,7,6,[r=203,g=179,b=155]
7,2,1,[r=182,g=50,b=47]
8,2,2,[r=223,g=54,b=53]
4,4,7,[r=107,g=122,b=199]
4,4,3,[r=116,g=107,b=98]
0,5,2,[r=4,g=141,b=50]
7,4,8,[r=187,g=101,b=222]
6,3,9,[r=161,g=82,b=230]
4,5,5,[r=114,g=145,b=147]
4,2,5,[r=116,g=68,b=129]
9,1,7,[r=229,g=42,b=190]
4,8,6,[r=110,g=213,b=169]
1,2,4,[r=39,g=67,b=123]
4,2,0,[r=112,g=53,b=8]
9,7,2,[r=247,g=176,b=70]
9,8,9,[r=245,g=206,b=238]
3,1,6,[r=89,g=48,b=150]
2,1,7,[r=54,g=41,b=188]
6,8,6,[r=174,g=222,b=165]
7,2,10,[r=175,g=67,b=251]
7,1,4,[r=199,g=26,b=101]
0,4,8,[r=5,g=124,b=217]
7,3,6,[r=181,g=77,b=164]
0,6,0,[r=15,g=164,b=0]
1,8,3,[r=38,g=217,b=81]
9,2,7,[r=247,g=58,b=188]
1,2,1,[r=36,g=68,b=41]
0,4,6,[r=5,g=120,b=167]
0,6,8,[r=13,g=173,b=214]
7,7,8,[r=175,g=186,b=219]
6,10,2,[r=173,g=252,b=65]
0,5,9,[r=22,g=137,b=236]
9,9,6,[r=229,g=242,b=165]
2,4,0,[r=63,g=115,b=5]
8,2,3,[r=213,g=56,b=81]
0,1,6,[r=4,g=41,b=169]
9,1,7,[r=240,g=30,b=178]
5,9,4,[r=138,g=234,b=114]
8,4,7,[r=218,g=112,b=188]
3,7,6,[r=80,g=180,b=169]
8,6,4,[r=218,g=168,b=119]
7,1,7,[r=178,g=32,b=188]
7,8,5,[r=193,g=210,b=126]
1,9,6,[r=25,g=228,b=166]
2,4,7,[r=56,g=115,b=187]
5,1,2,[r=131,g=26,b=54]
6,5,6,[r=168,g=125,b=152]
5,0,4,[r=126,g=3,b=118]
7,6,2,[r=194,g=160,b=58]
1,8,9,[r=48,g=211,b=229]
8,2,3,[r=203,g=54,b=81]
7,5,4,[r=184,g=129,b=113]
7,6,5,[r=186,g=159,b=130]
5,9,6,[r=126,g=243,b=151]
9,3,2,[r=248,g=83,b=56]
1,4,6,[r=41,g=101,b=168]
6,9,3,[r=151,g=235,b=84]
3,2,7,[r=89,g=55,b=188]
9,4,6,[r=231,g=118,b=166]
4,8,8,[r=118,g=211,b=223]
8,6,9,[r=211,g=155,b=230]
0,1,6,[r=18,g=33,b=172]
6,5,1,[r=167,g=135,b=44]
7,4,6,[r=191,g=110,b=165]
6,9,5,[r=163,g=240,b=129]
6,3,3,[r=159,g=90,b=96]
8,5,0,[r=201,g=130,b=10]
0,5,7,[r=7,g=126,b=175]
10,6,6,[r=250,g=154,b=153]
9,2,4,[r=234,g=62,b=111]
3,6,10,[r=98,g=172,b=251]
9,2,1,[r=240,g=50,b=42]
2,10,8,[r=53,g=251,b=206]
6,4,7,[r=156,g=113,b=176]
7,2,0,[r=189,g=61,b=18]
7,6,7,[r=184,g=172,b=196]
1,2,8,[r=38,g=67,b=200]
0,5,0,[r=11,g=136,b=3]
7,8,3,[r=190,g=215,b=97]
2,2,6,[r=51,g=52,b=159]
1,0,5,[r=47,g=3,b=149]
9,2,9,[r=226,g=68,b=228]
5,8,3,[r=126,g=214,b=87]
5,10,6,[r=145,g=253,b=168]
4,5,6,[r=107,g=134,b=157]
2,9,6,[r=63,g=239,b=174]
5,4,0,[r=133,g=117,b=19]
2,9,9,[r=59,g=245,b=229]
0,0,0,[r=13,g=2,b=5]
7,4,3,[r=199,g=111,b=93]
7,9,2,[r=195,g=228,b=50]
5,0,7,[r=142,g=12,b=188]
2,4,9,[r=68,g=124,b=226]
8,1,3,[r=200,g=36,b=87]
3,9,6,[r=78,g=234,b=153]
7,7,1,[r=181,g=189,b=28]
10,9,9,[r=253,g=235,b=229]
9,8,3,[r=236,g=200,b=82]
4,1,1,[r=107,g=46,b=49]
4,1,2,[r=114,g=39,b=74]
7,1,1,[r=191,g=47,b=40]
4,5,3,[r=120,g=145,b=75]
0,3,6,[r=9,g=77,b=173]
0,0,3,[r=9,g=15,b=75]
3,0,8,[r=94,g=2,b=217]
10,8,7,[r=250,g=201,b=191]
3,6,5,[r=89,g=171,b=139]
3,7,2,[r=82,g=194,b=66]
1,4,9,[r=47,g=103,b=227]
2,3,5,[r=72,g=87,b=132]
5,0,6,[r=147,g=7,b=157]
8,5,0,[r=216,g=148,b=3]
9,2,1,[r=248,g=68,b=41]
2,2,8,[r=63,g=52,b=222]
9,7,2,[r=247,g=176,b=63]
8,5,8,[r=208,g=136,b=214]
4,8,4,[r=119,g=218,b=120]
8,3,5,[r=205,g=75,b=132]
1,7,5,[r=27,g=176,b=126]
4,8,5,[r=111,g=213,b=126]
4,2,4,[r=120,g=74,b=123]
6,9,6,[r=156,g=248,b=167]
8,4,6,[r=222,g=111,b=165]
4,8,2,[r=107,g=217,b=63]
0,1,2,[r=23,g=47,b=60]
1,0,0,[r=45,g=17,b=6]
9,5,6,[r=229,g=146,b=151]
3,6,4,[r=92,g=165,b=123]
8,1,7,[r=202,g=38,b=189]
1,3,4,[r=38,g=87,b=102]
0,3,9,[r=24,g=75,b=235]
7,0,9,[r=191,g=18,b=227]
7,4,1,[r=175,g=120,b=33]
9,6,1,[r=248,g=160,b=36]
5,9,9,[r=147,g=249,b=243]
9,3,2,[r=234,g=97,b=57]
3,3,4,[r=93,g=76,b=104]
2,1,8,[r=74,g=40,b=201]
7,3,1,[r=195,g=76,b=41]
8,4,0,[r=204,g=105,b=4]
5,0,8,[r=128,g=3,b=215]
7,0,4,[r=180,g=20,b=105]
4,2,8,[r=116,g=66,b=217]
2,2,0,[r=59,g=74,b=18]
9,7,5,[r=233,g=187,b=145]
9,5,7,[r=227,g=144,b=194]
0,3,2,[r=1,g=95,b=51]
9,5,7,[r=226,g=146,b=175]
6,3,1,[r=164,g=79,b=37]
2,3,5,[r=53,g=98,b=141]
7,5,1,[r=179,g=139,b=39]
3,0,3,[r=86,g=11,b=75]
9,7,6,[r=234,g=180,b=150]
9,8,4,[r=238,g=214,b=107]
0,1,5,[r=19,g=31,b=136]
1,9,1,[r=27,g=229,b=31]
6,4,7,[r=157,g=113,b=194]
1,1,7,[r=26,g=27,b=196]
3,10,1,[r=81,g=250,b=34]
0,7,4,[r=9,g=193,b=121]
6,7,9,[r=157,g=199,b=247]
2,1,4,[r=65,g=27,b=102]
5,9,5,[r=149,g=237,b=149]
10,0,7,[r=252,g=15,b=187]
2,0,7,[r=70,g=14,b=180]
1,6,9,[r=39,g=153,b=241]
8,7,9,[r=219,g=180,b=230]
1,6,4,[r=42,g=173,b=119]
9,10,7,[r=243,g=251,b=182]
8,6,0,[r=210,g=171,b=8]
7,7,5,[r=192,g=178,b=138]
2,1,7,[r=72,g=36,b=199]
5,5,8,[r=135,g=141,b=208]
3,5,8,[r=84,g=137,b=207]
4,6,0,[r=107,g=157,b=8]
3,6,10,[r=75,g=166,b=253]
7,5,3,[r=177,g=130,b=82]
7,7,7,[r=196,g=176,b=182]
8,2,2,[r=220,g=60,b=52]
1,0,9,[r=48,g=18,b=246]
4,8,4,[r=122,g=224,b=102]
7,4,5,[r=198,g=113,b=132]
6,0,6,[r=152,g=24,b=170]
3,7,4,[r=93,g=195,b=123]
3,3,5,[r=76,g=82,b=127]
7,0,0,[r=189,g=22,b=6]
5,0,1,[r=142,g=8,b=36]
1,7,6,[r=26,g=175,b=152]
5,5,6,[r=133,g=145,b=157]
9,7,1,[r=237,g=181,b=44]
2,9,4,[r=59,g=232,b=122]
9,8,0,[r=245,g=217,b=8]
1,1,4,[r=34,g=42,b=122]
4,10,9,[r=122,g=252,b=235]
10,3,6,[r=252,g=80,b=151]
4,0,3,[r=106,g=5,b=89]
6,9,1,[r=158,g=239,b=42]
3,9,2,[r=88,g=226,b=70]
9,5,0,[r=238,g=139,b=18]
5,3,2,[r=132,g=82,b=57]
4,2,7,[r=124,g=56,b=193]
5,3,9,[r=147,g=76,b=243]
4,3,1,[r=115,g=91,b=38]
6,2,10,[r=159,g=65,b=250]
5,9,2,[r=149,g=228,b=73]
9,6,3,[r=235,g=151,b=95]
6,2,1,[r=171,g=53,b=36]
9,3,8,[r=240,g=87,b=224]
8,6,9,[r=222,g=170,b=247]
6,8,6,[r=157,g=217,b=163]
2,5,7,[r=68,g=138,b=189]
5,7,1,[r=147,g=190,b=29]
8,1,3,[r=218,g=35,b=85]
5,5,6,[r=142,g=143,b=169]
2,1,0,[r=51,g=34,b=5]
4,5,5,[r=123,g=125,b=147]
5,7,9,[r=135,g=189,b=248]
3,3,5,[r=93,g=99,b=131]
5,0,5,[r=135,g=4,b=140]
6,0,4,[r=150,g=13,b=103]
0,3,2,[r=7,g=96,b=65]
0,9,3,[r=7,g=231,b=75]
5,1,8,[r=144,g=37,b=223]
9,0,1,[r=231,g=13,b=39]
0,5,5,[r=16,g=134,b=148]
1,8,1,[r=49,g=224,b=35]
1,7,4,[r=30,g=190,b=114]
6,6,10,[r=170,g=165,b=250]
3,8,9,[r=75,g=222,b=227]
2,8,1,[r=56,g=219,b=38]
5,1,0,[r=142,g=38,b=7]
9,6,7,[r=229,g=156,b=180]
3,1,6,[r=96,g=38,b=167]
7,0,1,[r=188,g=17,b=39]
5,9,6,[r=135,g=239,b=151]
1,7,0,[r=47,g=198,b=21]
8,1,6,[r=200,g=47,b=166]
9,2,5,[r=235,g=71,b=133]
2,4,6,[r=62,g=117,b=168]
6,3,0,[r=162,g=92,b=2]
3,7,3,[r=89,g=183,b=75]
1,2,6,[r=45,g=72,b=151]
5,5,3,[r=128,g=135,b=77]
10,7,7,[r=250,g=197,b=197]
6,2,0,[r=174,g=74,b=3]
9,8,5,[r=248,g=207,b=132]
1,4,1,[r=36,g=100,b=42]
1,1,9,[r=48,g=35,b=249]
6,9,7,[r=154,g=245,b=197]
6,4,8,[r=166,g=101,b=204]
8,5,7,[r=209,g=145,b=195]
9,1,10,[r=233,g=40,b=250]
2,3,1,[r=73,g=84,b=43]
6,0,1,[r=152,g=14,b=26]
3,5,7,[r=90,g=136,b=185]
6,3,3,[r=169,g=84,b=80]
1,2,2,[r=27,g=50,b=61]
6,9,2,[r=152,g=229,b=64]
4,2,7,[r=103,g=73,b=180]
2,1,8,[r=67,g=28,b=221]
5,6,7,[r=139,g=165,b=196]
1,8,9,[r=40,g=208,b=226]
8,1,7,[r=215,g=42,b=187]
9,9,2,[r=225,g=239,b=68]
2,5,7,[r=65,g=144,b=194]
2,5,6,[r=58,g=145,b=160]
2,7,9,[r=55,g=183,b=227]
4,8,2,[r=114,g=217,b=72]
7,0,1,[r=199,g=9,b=35]
9,8,6,[r=233,g=210,b=154]
3,9,3,[r=98,g=246,b=79]
5,0,1,[r=130,g=20,b=43]
3,6,9,[r=84,g=170,b=226]
0,0,1,[r=2,g=0,b=25]
6,4,0,[r=168,g=111,b=0]
0,1,1,[r=16,g=37,b=46]
7,4,9,[r=187,g=123,b=225]
0,10,5,[r=17,g=254,b=127]
3,6,3,[r=95,g=161,b=90]
7,0,0,[r=179,g=15,b=13]
7,6,1,[r=180,g=160,b=42]
7,3,5,[r=190,g=89,b=127]
7,4,6,[r=186,g=119,b=168]
8,2,9,[r=203,g=70,b=238]
7,2,4,[r=190,g=50,b=111]
2,6,6,[r=60,g=152,b=174]
7,10,0,[r=186,g=253,b=8]
0,1,2,[r=20,g=45,b=63]
3,0,4,[r=87,g=0,b=117]
4,0,1,[r=103,g=5,b=32]
9,5,3,[r=240,g=127,b=81]
4,6,4,[r=114,g=161,b=105]
1,0,1,[r=33,g=3,b=42]
9,9,0,[r=225,g=244,b=6]
4,0,3,[r=104,g=17,b=76]
4,2,8,[r=100,g=68,b=223]
5,2,2,[r=139,g=68,b=51]
3,9,8,[r=94,g=230,b=207]
4,2,6,[r=121,g=67,b=170]
5,5,6,[r=140,g=142,b=172]
0,4,2,[r=20,g=119,b=64]
4,9,9,[r=117,g=234,b=239]
0,3,0,[r=0,g=84,b=9]
2,0,0,[r=70,g=22,b=7]
1,8,5,[r=44,g=200,b=145]
7,6,0,[r=178,g=168,b=21]
9,3,5,[r=246,g=98,b=131]
1,5,4,[r=33,g=126,b=101]
1,2,6,[r=30,g=60,b=173]
3,6,6,[r=84,g=151,b=170]
2,5,10,[r=51,g=144,b=253]
0,1,8,[r=13,g=34,b=205]
2,9,4,[r=62,g=241,b=121]
3,5,6,[r=99,g=126,b=159]
4,1,4,[r=107,g=49,b=118]
7,2,3,[r=187,g=72,b=93]
8,9,5,[r=216,g=226,b=136]
0,0,9,[r=8,g=13,b=233]
2,0,1,[r=55,g=3,b=40]
6,9,1,[r=156,g=247,b=41]
7,9,7,[r=176,g=249,b=179]
2,6,6,[r=59,g=155,b=159]
10,1,0,[r=252,g=46,b=16]
3,9,1,[r=79,g=243,b=34]
3,3,1,[r=98,g=84,b=46]
6,7,6,[r=157,g=199,b=152]
7,3,3,[r=178,g=81,b=82]
2,7,1,[r=62,g=199,b=40]
8,2,4,[r=205,g=68,b=110]
9,4,5,[r=230,g=119,b=142]
6,7,9,[r=150,g=193,b=231]
7,0,8,[r=194,g=16,b=220]
1,8,9,[r=26,g=219,b=238]
6,3,3,[r=161,g=93,b=82]
2,0,5,[r=64,g=2,b=127]
1,5,8,[r=45,g=128,b=212]
4,0,8,[r=106,g=5,b=213]
5,2,3,[r=147,g=62,b=90]
4,1,9,[r=101,g=31,b=245]
1,6,1,[r=41,g=161,b=25]
9,6,4,[r=226,g=151,b=114]
3,0,7,[r=98,g=8,b=181]
3,4,3,[r=85,g=107,b=96]
8,3,4,[r=204,g=84,b=123]
9,4,5,[r=230,g=108,b=140]
3,2,5,[r=91,g=58,b=141]
1,8,7,[r=28,g=220,b=176]
2,3,4,[r=72,g=92,b=111]
8,1,2,[r=210,g=48,b=70]
2,2,0,[r=58,g=59,b=15]
5,5,4,[r=135,g=130,b=119]
3,2,0,[r=98,g=62,b=15]
4,1,6,[r=114,g=29,b=169]
8,6,5,[r=223,g=172,b=128]
1,7,8,[r=48,g=199,b=215]
4,4,5,[r=105,g=104,b=140]
8,8,4,[r=205,g=215,b=108]
0,6,5,[r=7,g=158,b=132]
7,0,0,[r=186,g=5,b=6]
3,8,2,[r=92,g=207,b=59]
5,7,5,[r=127,g=180,b=136]
1,4,8,[r=38,g=109,b=205]
9,7,9,[r=229,g=181,b=247]
7,8,2,[r=179,g=203,b=55]
1,6,1,[r=40,g=166,b=46]
5,8,3,[r=132,g=212,b=96]
5,3,3,[r=126,g=93,b=83]
2,6,5,[r=69,g=156,b=147]
2,7,3,[r=54,g=185,b=91]
7,8,5,[r=195,g=210,b=131]
4,3,0,[r=109,g=83,b=11]
7,5,2,[r=191,g=149,b=73]
5,1,5,[r=137,g=42,b=128]
3,4,9,[r=91,g=120,b=230]
7,9,1,[r=198,g=239,b=48]
8,4,9,[r=222,g=122,b=225]
1,6,8,[r=30,g=154,b=214]
5,8,0,[r=127,g=201,b=23]
7,4,7,[r=198,g=104,b=187]
3,6,0,[r=97,g=163,b=1]
3,6,5,[r=83,g=160,b=141]
7,4,5,[r=184,g=117,b=133]
1,3,1,[r=33,g=79,b=35]
3,0,9,[r=96,g=22,b=248]
0,8,5,[r=21,g=204,b=149]
3,0,10,[r=77,g=24,b=254]
7,7,0,[r=187,g=198,b=24]
2,3,8,[r=60,g=91,b=208]
3,2,0,[r=99,g=61,b=20]
1,6,8,[r=46,g=164,b=200]
0,9,4,[r=13,g=243,b=124]
8,4,7,[r=208,g=100,b=176]
5,6,5,[r=147,g=161,b=128]
5,5,7,[r=130,g=140,b=177]
9,8,1,[r=231,g=212,b=43]
5,9,5,[r=134,g=248,b=146]
1,0,8,[r=31,g=7,b=223]
4,9,4,[r=103,g=239,b=104]
8,7,3,[r=218,g=190,b=98]
7,0,4,[r=197,g=6,b=120]
4,0,5,[r=119,g=0,b=135]
2,6,0,[r=70,g=161,b=1]
0,2,6,[r=22,g=58,b=165]
2,9,5,[r=54,g=226,b=144]
1,9,0,[r=37,g=228,b=8]
1,4,2,[r=25,g=102,b=65]
7,0,3,[r=197,g=10,b=98]
5,5,1,[r=146,g=134,b=29]
6,6,8,[r=157,g=160,b=213]
4,6,3,[r=105,g=174,b=80]
1,8,3,[r=41,g=203,b=86]
5,4,0,[r=147,g=124,b=23]
0,2,7,[r=24,g=51,b=179]
6,10,10,[r=166,g=254,b=251]
2,9,3,[r=61,g=244,b=84]
5,9,8,[r=148,g=247,b=212]
6,7,8,[r=152,g=183,b=220]
0,9,9,[r=5,g=247,b=249]
8,7,5,[r=200,g=196,b=133]
1,2,3,[r=36,g=69,b=99]
0,3,9,[r=1,g=76,b=244]
7,4,3,[r=189,g=120,b=80]
5,0,1,[r=149,g=17,b=46]
5,6,3,[r=138,g=153,b=85]
9,10,7,[r=238,g=251,b=197]
5,7,3,[r=142,g=182,b=78]
1,5,0,[r=42,g=144,b=15]
9,3,6,[r=246,g=81,b=174]
8,8,7,[r=214,g=211,b=191]
4,7,0,[r=106,g=191,b=8]
3,9,8,[r=81,g=249,b=200]
5,1,1,[r=132,g=30,b=31]
4,3,8,[r=107,g=91,b=221]
4,9,4,[r=102,g=226,b=121]
4,4,1,[r=116,g=124,b=42]
3,5,4,[r=80,g=136,b=121]
7,2,4,[r=197,g=67,b=100]
7,5,1,[r=184,g=128,b=29]
9,7,2,[r=247,g=187,b=65]
9,2,3,[r=246,g=62,b=91]
1,3,9,[r=35,g=85,b=235]
4,5,9,[r=113,g=142,b=243]
8,7,6,[r=220,g=184,b=165]
8,10,6,[r=201,g=251,b=150]
5,1,3,[r=148,g=25,b=87]
7,4,5,[r=183,g=120,b=146]
7,9,1,[r=175,g=225,b=27]
7,2,2,[r=182,g=66,b=67]
3,7,5,[r=84,g=175,b=134]
5,0,2,[r=145,g=2,b=55]
4,7,7,[r=107,g=196,b=194]
1,3,4,[r=49,g=83,b=122]
5,6,9,[r=136,g=160,b=235]
5,4,5,[r=125,g=105,b=130]
1,1,8,[r=42,g=33,b=207]
1,9,3,[r=48,g=241,b=87]
4,0,3,[r=111,g=5,b=92]
5,0,1,[r=138,g=4,b=27]
1,5,9,[r=30,g=142,b=238]
